
> praxiquest@1.0.0-alpha build
> vite build

vite v5.4.21 building for production...
✓ 0 modules transformed.
x Build failed in 12.25s
error during build:
[vite:css] [postcss] /sessions/gracious-epic-ramanujan/mnt/PraxiTests/resources/css/app.css:468:5: Unclosed block
file: /sessions/gracious-epic-ramanujan/mnt/PraxiTests/resources/css/app.css:468:4
    at Input.error (/sessions/gracious-epic-ramanujan/mnt/PraxiTests/node_modules/postcss/lib/input.js:135:16)
    at Parser.unclosedBlock (/sessions/gracious-epic-ramanujan/mnt/PraxiTests/node_modules/postcss/lib/parser.js:582:22)
    at Parser.endFile (/sessions/gracious-epic-ramanujan/mnt/PraxiTests/node_modules/postcss/lib/parser.js:342:35)
    at Parser.parse (/sessions/gracious-epic-ramanujan/mnt/PraxiTests/node_modules/postcss/lib/parser.js:483:10)
    at parse (/sessions/gracious-epic-ramanujan/mnt/PraxiTests/node_modules/postcss/lib/parse.js:11:12)
    at new LazyResult (/sessions/gracious-epic-ramanujan/mnt/PraxiTests/node_modules/postcss/lib/lazy-result.js:165:16)
    at Processor.process (/sessions/gracious-epic-ramanujan/mnt/PraxiTests/node_modules/postcss/lib/processor.js:53:14)
    at compileCSS (file:///sessions/gracious-epic-ramanujan/mnt/PraxiTests/node_modules/vite/dist/node/chunks/dep-BK3b2jBa.js:36898:59)
    at async Object.transform (file:///sessions/gracious-epic-ramanujan/mnt/PraxiTests/node_modules/vite/dist/node/chunks/dep-BK3b2jBa.js:36171:11)
    at async transform (file:///sessions/gracious-epic-ramanujan/mnt/PraxiTests/node_modules/rollup/dist/es/shared/node-entry.js:21703:16)
npm notice
npm notice New major version of npm available! 10.9.8 -> 11.17.0
npm notice Changelog: https://github.com/npm/cli/releases/tag/v11.17.0
npm notice To update run: npm install -g npm@11.17.0
npm notice
